2022-05-05 10:49:44,393 [main] INFO  [org.reflections.Reflections] Reflections.java:232 - Reflections took 22 ms to scan 1 urls, producing 3 keys and 6 values 
2022-05-05 10:49:44,415 [main] INFO  [org.reflections.Reflections] Reflections.java:232 - Reflections took 11 ms to scan 1 urls, producing 4 keys and 9 values 
2022-05-05 10:49:44,426 [main] INFO  [org.reflections.Reflections] Reflections.java:232 - Reflections took 9 ms to scan 1 urls, producing 3 keys and 10 values 
2022-05-05 10:49:44,538 [main] INFO  [org.reflections.Reflections] Reflections.java:232 - Reflections took 110 ms to scan 190 urls, producing 0 keys and 0 values 
2022-05-05 10:49:44,549 [main] INFO  [org.reflections.Reflections] Reflections.java:232 - Reflections took 10 ms to scan 1 urls, producing 1 keys and 5 values 
2022-05-05 10:49:44,559 [main] INFO  [org.reflections.Reflections] Reflections.java:232 - Reflections took 8 ms to scan 1 urls, producing 1 keys and 7 values 
2022-05-05 10:49:44,569 [main] INFO  [org.reflections.Reflections] Reflections.java:232 - Reflections took 8 ms to scan 1 urls, producing 2 keys and 8 values 
2022-05-05 10:49:44,663 [main] INFO  [org.reflections.Reflections] Reflections.java:232 - Reflections took 92 ms to scan 190 urls, producing 0 keys and 0 values 
2022-05-05 10:49:46,225 [main] WARN  [c.a.cloud.nacos.client.NacosPropertySourceBuilder] NacosPropertySourceBuilder.java:87 - Ignore the empty nacos configuration and get it based on dataId[cinema-gateway] & group[DEFAULT_GROUP]
2022-05-05 10:49:46,230 [main] WARN  [c.a.cloud.nacos.client.NacosPropertySourceBuilder] NacosPropertySourceBuilder.java:87 - Ignore the empty nacos configuration and get it based on dataId[cinema-gateway.yml] & group[DEFAULT_GROUP]
2022-05-05 10:49:46,241 [main] INFO  [o.s.c.b.c.PropertySourceBootstrapConfiguration] PropertySourceBootstrapConfiguration.java:109 - Located property source: [BootstrapPropertySource {name='bootstrapProperties-cinema-gateway-dev.yml,DEFAULT_GROUP'}, BootstrapPropertySource {name='bootstrapProperties-cinema-gateway.yml,DEFAULT_GROUP'}, BootstrapPropertySource {name='bootstrapProperties-cinema-gateway,DEFAULT_GROUP'}, BootstrapPropertySource {name='bootstrapProperties-application-dev.yml,DEFAULT_GROUP'}]
2022-05-05 10:49:46,246 [main] INFO  [c.u.j.c.EnableEncryptablePropertiesConfiguration] EnableEncryptablePropertiesConfiguration.java:69 - Bootstraping jasypt-string-boot auto configuration in context: cinema-gateway-1
2022-05-05 10:49:46,246 [main] INFO  [cn.lzh.cinema.gateway.CinemaGatewayApplication] SpringApplication.java:641 - The following profiles are active: dev
2022-05-05 10:49:46,857 [main] INFO  [o.s.d.r.config.RepositoryConfigurationDelegate] RepositoryConfigurationDelegate.java:262 - Multiple Spring Data modules found, entering strict repository configuration mode!
2022-05-05 10:49:46,858 [main] INFO  [o.s.d.r.config.RepositoryConfigurationDelegate] RepositoryConfigurationDelegate.java:132 - Bootstrapping Spring Data Redis repositories in DEFAULT mode.
2022-05-05 10:49:46,874 [main] INFO  [o.s.d.r.config.RepositoryConfigurationDelegate] RepositoryConfigurationDelegate.java:201 - Finished Spring Data repository scanning in 6 ms. Found 0 Redis repository interfaces.
2022-05-05 10:49:46,950 [main] INFO  [o.springframework.cloud.context.scope.GenericScope] GenericScope.java:283 - BeanFactory id=11c75c1b-174b-34ac-81ef-62bf72106764
2022-05-05 10:49:46,959 [main] INFO  [c.u.j.c.EnableEncryptablePropertiesBeanFactoryPostProcessor] EnableEncryptablePropertiesBeanFactoryPostProcessor.java:50 - Post-processing PropertySource instances
2022-05-05 10:49:46,966 [main] INFO  [c.u.j.EncryptablePropertySourceConverter] EncryptablePropertySourceConverter.java:38 - Converting PropertySource bootstrapProperties-cinema-gateway-dev.yml,DEFAULT_GROUP [org.springframework.cloud.bootstrap.config.BootstrapPropertySource] to EncryptableEnumerablePropertySourceWrapper
2022-05-05 10:49:46,966 [main] INFO  [c.u.j.EncryptablePropertySourceConverter] EncryptablePropertySourceConverter.java:38 - Converting PropertySource bootstrapProperties-cinema-gateway.yml,DEFAULT_GROUP [org.springframework.cloud.bootstrap.config.BootstrapPropertySource] to EncryptableEnumerablePropertySourceWrapper
2022-05-05 10:49:46,966 [main] INFO  [c.u.j.EncryptablePropertySourceConverter] EncryptablePropertySourceConverter.java:38 - Converting PropertySource bootstrapProperties-cinema-gateway,DEFAULT_GROUP [org.springframework.cloud.bootstrap.config.BootstrapPropertySource] to EncryptableEnumerablePropertySourceWrapper
2022-05-05 10:49:46,966 [main] INFO  [c.u.j.EncryptablePropertySourceConverter] EncryptablePropertySourceConverter.java:38 - Converting PropertySource bootstrapProperties-application-dev.yml,DEFAULT_GROUP [org.springframework.cloud.bootstrap.config.BootstrapPropertySource] to EncryptableEnumerablePropertySourceWrapper
2022-05-05 10:49:46,966 [main] INFO  [c.u.j.EncryptablePropertySourceConverter] EncryptablePropertySourceConverter.java:38 - Converting PropertySource configurationProperties [org.springframework.boot.context.properties.source.ConfigurationPropertySourcesPropertySource] to AOP Proxy
2022-05-05 10:49:46,967 [main] INFO  [c.u.j.EncryptablePropertySourceConverter] EncryptablePropertySourceConverter.java:38 - Converting PropertySource gateway-properties [org.springframework.core.env.MapPropertySource] to EncryptableMapPropertySourceWrapper
2022-05-05 10:49:46,967 [main] INFO  [c.u.j.EncryptablePropertySourceConverter] EncryptablePropertySourceConverter.java:38 - Converting PropertySource systemProperties [org.springframework.core.env.PropertiesPropertySource] to EncryptableMapPropertySourceWrapper
2022-05-05 10:49:46,967 [main] INFO  [c.u.j.EncryptablePropertySourceConverter] EncryptablePropertySourceConverter.java:38 - Converting PropertySource systemEnvironment [org.springframework.boot.env.SystemEnvironmentPropertySourceEnvironmentPostProcessor$OriginAwareSystemEnvironmentPropertySource] to EncryptableMapPropertySourceWrapper
2022-05-05 10:49:46,967 [main] INFO  [c.u.j.EncryptablePropertySourceConverter] EncryptablePropertySourceConverter.java:38 - Converting PropertySource random [org.springframework.boot.env.RandomValuePropertySource] to EncryptablePropertySourceWrapper
2022-05-05 10:49:46,967 [main] INFO  [c.u.j.EncryptablePropertySourceConverter] EncryptablePropertySourceConverter.java:38 - Converting PropertySource cachedrandom [org.springframework.cloud.util.random.CachedRandomPropertySource] to EncryptablePropertySourceWrapper
2022-05-05 10:49:46,967 [main] INFO  [c.u.j.EncryptablePropertySourceConverter] EncryptablePropertySourceConverter.java:38 - Converting PropertySource springCloudClientHostInfo [org.springframework.core.env.MapPropertySource] to EncryptableMapPropertySourceWrapper
2022-05-05 10:49:46,967 [main] INFO  [c.u.j.EncryptablePropertySourceConverter] EncryptablePropertySourceConverter.java:38 - Converting PropertySource defaultProperties [org.springframework.core.env.MapPropertySource] to EncryptableMapPropertySourceWrapper
2022-05-05 10:49:46,967 [main] INFO  [c.u.j.EncryptablePropertySourceConverter] EncryptablePropertySourceConverter.java:38 - Converting PropertySource springCloudDefaultProperties [org.springframework.core.env.MapPropertySource] to EncryptableMapPropertySourceWrapper
2022-05-05 10:49:46,976 [main] INFO  [c.u.j.filter.DefaultLazyPropertyFilter] DefaultLazyPropertyFilter.java:31 - Property Filter custom Bean not found with name 'encryptablePropertyFilter'. Initializing Default Property Filter
2022-05-05 10:49:47,099 [main] INFO  [o.s.c.s.PostProcessorRegistrationDelegate$BeanPostProcessorChecker] PostProcessorRegistrationDelegate.java:376 - Bean 'org.springframework.cloud.commons.config.CommonsConfigAutoConfiguration' of type [org.springframework.cloud.commons.config.CommonsConfigAutoConfiguration] is not eligible for getting processed by all BeanPostProcessors (for example: not eligible for auto-proxying)
2022-05-05 10:49:47,102 [main] INFO  [o.s.c.s.PostProcessorRegistrationDelegate$BeanPostProcessorChecker] PostProcessorRegistrationDelegate.java:376 - Bean 'org.springframework.cloud.client.loadbalancer.LoadBalancerDefaultMappingsProviderAutoConfiguration' of type [org.springframework.cloud.client.loadbalancer.LoadBalancerDefaultMappingsProviderAutoConfiguration] is not eligible for getting processed by all BeanPostProcessors (for example: not eligible for auto-proxying)
2022-05-05 10:49:47,103 [main] INFO  [o.s.c.s.PostProcessorRegistrationDelegate$BeanPostProcessorChecker] PostProcessorRegistrationDelegate.java:376 - Bean 'loadBalancerClientsDefaultsMappingsProvider' of type [org.springframework.cloud.client.loadbalancer.LoadBalancerDefaultMappingsProviderAutoConfiguration$$Lambda$463/1478171656] is not eligible for getting processed by all BeanPostProcessors (for example: not eligible for auto-proxying)
2022-05-05 10:49:47,104 [main] INFO  [o.s.c.s.PostProcessorRegistrationDelegate$BeanPostProcessorChecker] PostProcessorRegistrationDelegate.java:376 - Bean 'defaultsBindHandlerAdvisor' of type [org.springframework.cloud.commons.config.DefaultsBindHandlerAdvisor] is not eligible for getting processed by all BeanPostProcessors (for example: not eligible for auto-proxying)
2022-05-05 10:49:47,134 [main] INFO  [c.u.j.resolver.DefaultLazyPropertyResolver] DefaultLazyPropertyResolver.java:31 - Property Resolver custom Bean not found with name 'encryptablePropertyResolver'. Initializing Default Property Resolver
2022-05-05 10:49:47,134 [main] INFO  [c.u.j.detector.DefaultLazyPropertyDetector] DefaultLazyPropertyDetector.java:30 - Property Detector custom Bean not found with name 'encryptablePropertyDetector'. Initializing Default Property Detector
2022-05-05 10:49:47,147 [main] INFO  [o.s.c.s.PostProcessorRegistrationDelegate$BeanPostProcessorChecker] PostProcessorRegistrationDelegate.java:376 - Bean 'spring.cloud.sentinel-com.alibaba.cloud.sentinel.SentinelProperties' of type [com.alibaba.cloud.sentinel.SentinelProperties] is not eligible for getting processed by all BeanPostProcessors (for example: not eligible for auto-proxying)
2022-05-05 10:49:47,197 [main] INFO  [o.s.c.s.PostProcessorRegistrationDelegate$BeanPostProcessorChecker] PostProcessorRegistrationDelegate.java:376 - Bean 'com.alibaba.cloud.sentinel.custom.SentinelAutoConfiguration' of type [com.alibaba.cloud.sentinel.custom.SentinelAutoConfiguration] is not eligible for getting processed by all BeanPostProcessors (for example: not eligible for auto-proxying)
2022-05-05 10:49:47,202 [main] INFO  [o.s.c.s.PostProcessorRegistrationDelegate$BeanPostProcessorChecker] PostProcessorRegistrationDelegate.java:376 - Bean 'org.springframework.cloud.client.loadbalancer.reactive.LoadBalancerBeanPostProcessorAutoConfiguration' of type [org.springframework.cloud.client.loadbalancer.reactive.LoadBalancerBeanPostProcessorAutoConfiguration] is not eligible for getting processed by all BeanPostProcessors (for example: not eligible for auto-proxying)
2022-05-05 10:49:47,203 [main] INFO  [o.s.c.s.PostProcessorRegistrationDelegate$BeanPostProcessorChecker] PostProcessorRegistrationDelegate.java:376 - Bean 'org.springframework.cloud.client.loadbalancer.reactive.LoadBalancerBeanPostProcessorAutoConfiguration$ReactorDeferringLoadBalancerFilterConfig' of type [org.springframework.cloud.client.loadbalancer.reactive.LoadBalancerBeanPostProcessorAutoConfiguration$ReactorDeferringLoadBalancerFilterConfig] is not eligible for getting processed by all BeanPostProcessors (for example: not eligible for auto-proxying)
2022-05-05 10:49:47,204 [main] INFO  [o.s.c.s.PostProcessorRegistrationDelegate$BeanPostProcessorChecker] PostProcessorRegistrationDelegate.java:376 - Bean 'reactorDeferringLoadBalancerExchangeFilterFunction' of type [org.springframework.cloud.client.loadbalancer.reactive.DeferringLoadBalancerExchangeFilterFunction] is not eligible for getting processed by all BeanPostProcessors (for example: not eligible for auto-proxying)
2022-05-05 10:49:49,022 [main] INFO  [c.a.c.s.gateway.scg.SentinelSCGAutoConfiguration] SentinelSCGAutoConfiguration.java:144 - [Sentinel SpringCloudGateway] register SentinelGatewayFilter with order: -2147483648
2022-05-05 10:49:49,081 [main] INFO  [o.s.c.gateway.route.RouteDefinitionRouteLocator] RouteDefinitionRouteLocator.java:88 - Loaded RoutePredicateFactory [After]
2022-05-05 10:49:49,081 [main] INFO  [o.s.c.gateway.route.RouteDefinitionRouteLocator] RouteDefinitionRouteLocator.java:88 - Loaded RoutePredicateFactory [Before]
2022-05-05 10:49:49,081 [main] INFO  [o.s.c.gateway.route.RouteDefinitionRouteLocator] RouteDefinitionRouteLocator.java:88 - Loaded RoutePredicateFactory [Between]
2022-05-05 10:49:49,081 [main] INFO  [o.s.c.gateway.route.RouteDefinitionRouteLocator] RouteDefinitionRouteLocator.java:88 - Loaded RoutePredicateFactory [Cookie]
2022-05-05 10:49:49,081 [main] INFO  [o.s.c.gateway.route.RouteDefinitionRouteLocator] RouteDefinitionRouteLocator.java:88 - Loaded RoutePredicateFactory [Header]
2022-05-05 10:49:49,081 [main] INFO  [o.s.c.gateway.route.RouteDefinitionRouteLocator] RouteDefinitionRouteLocator.java:88 - Loaded RoutePredicateFactory [Host]
2022-05-05 10:49:49,082 [main] INFO  [o.s.c.gateway.route.RouteDefinitionRouteLocator] RouteDefinitionRouteLocator.java:88 - Loaded RoutePredicateFactory [Method]
2022-05-05 10:49:49,082 [main] INFO  [o.s.c.gateway.route.RouteDefinitionRouteLocator] RouteDefinitionRouteLocator.java:88 - Loaded RoutePredicateFactory [Path]
2022-05-05 10:49:49,082 [main] INFO  [o.s.c.gateway.route.RouteDefinitionRouteLocator] RouteDefinitionRouteLocator.java:88 - Loaded RoutePredicateFactory [Query]
2022-05-05 10:49:49,082 [main] INFO  [o.s.c.gateway.route.RouteDefinitionRouteLocator] RouteDefinitionRouteLocator.java:88 - Loaded RoutePredicateFactory [ReadBody]
2022-05-05 10:49:49,082 [main] INFO  [o.s.c.gateway.route.RouteDefinitionRouteLocator] RouteDefinitionRouteLocator.java:88 - Loaded RoutePredicateFactory [RemoteAddr]
2022-05-05 10:49:49,082 [main] INFO  [o.s.c.gateway.route.RouteDefinitionRouteLocator] RouteDefinitionRouteLocator.java:88 - Loaded RoutePredicateFactory [XForwardedRemoteAddr]
2022-05-05 10:49:49,082 [main] INFO  [o.s.c.gateway.route.RouteDefinitionRouteLocator] RouteDefinitionRouteLocator.java:88 - Loaded RoutePredicateFactory [Weight]
2022-05-05 10:49:49,082 [main] INFO  [o.s.c.gateway.route.RouteDefinitionRouteLocator] RouteDefinitionRouteLocator.java:88 - Loaded RoutePredicateFactory [CloudFoundryRouteService]
2022-05-05 10:49:49,799 [main] INFO  [o.s.b.actuate.endpoint.web.EndpointLinksResolver] EndpointLinksResolver.java:58 - Exposing 20 endpoint(s) beneath base path '/actuator'
2022-05-05 10:49:49,952 [main] INFO  [c.a.c.s.gateway.scg.SentinelSCGAutoConfiguration] SentinelSCGAutoConfiguration.java:134 - [Sentinel SpringCloudGateway] register SentinelGatewayBlockExceptionHandler
2022-05-05 10:49:50,503 [main] INFO  [o.s.boot.web.embedded.netty.NettyWebServer] NettyWebServer.java:111 - Netty started on port 9999
2022-05-05 10:49:51,340 [main] INFO  [c.a.cloud.nacos.registry.NacosServiceRegistry] NacosServiceRegistry.java:75 - nacos registry, DEFAULT_GROUP cinema-gateway 192.168.3.50:9999 register finished
2022-05-05 10:49:51,359 [main] INFO  [cn.lzh.cinema.gateway.CinemaGatewayApplication] StartupInfoLogger.java:61 - Started CinemaGatewayApplication in 8.739 seconds (JVM running for 9.79)
2022-05-05 10:50:29,943 [main] INFO  [org.reflections.Reflections] Reflections.java:232 - Reflections took 27 ms to scan 1 urls, producing 3 keys and 6 values 
2022-05-05 10:50:29,963 [main] INFO  [org.reflections.Reflections] Reflections.java:232 - Reflections took 10 ms to scan 1 urls, producing 4 keys and 9 values 
2022-05-05 10:50:29,975 [main] INFO  [org.reflections.Reflections] Reflections.java:232 - Reflections took 9 ms to scan 1 urls, producing 3 keys and 10 values 
2022-05-05 10:50:30,112 [main] INFO  [org.reflections.Reflections] Reflections.java:232 - Reflections took 135 ms to scan 218 urls, producing 0 keys and 0 values 
2022-05-05 10:50:30,120 [main] INFO  [org.reflections.Reflections] Reflections.java:232 - Reflections took 7 ms to scan 1 urls, producing 1 keys and 5 values 
2022-05-05 10:50:30,131 [main] INFO  [org.reflections.Reflections] Reflections.java:232 - Reflections took 9 ms to scan 1 urls, producing 1 keys and 7 values 
2022-05-05 10:50:30,141 [main] INFO  [org.reflections.Reflections] Reflections.java:232 - Reflections took 8 ms to scan 1 urls, producing 2 keys and 8 values 
2022-05-05 10:50:30,287 [main] INFO  [org.reflections.Reflections] Reflections.java:232 - Reflections took 144 ms to scan 218 urls, producing 0 keys and 0 values 
2022-05-05 10:50:32,587 [main] WARN  [c.a.cloud.nacos.client.NacosPropertySourceBuilder] NacosPropertySourceBuilder.java:87 - Ignore the empty nacos configuration and get it based on dataId[cinema-auth] & group[DEFAULT_GROUP]
2022-05-05 10:50:32,594 [main] WARN  [c.a.cloud.nacos.client.NacosPropertySourceBuilder] NacosPropertySourceBuilder.java:87 - Ignore the empty nacos configuration and get it based on dataId[cinema-auth.yml] & group[DEFAULT_GROUP]
2022-05-05 10:50:32,604 [main] INFO  [o.s.c.b.c.PropertySourceBootstrapConfiguration] PropertySourceBootstrapConfiguration.java:109 - Located property source: [BootstrapPropertySource {name='bootstrapProperties-cinema-auth-dev.yml,DEFAULT_GROUP'}, BootstrapPropertySource {name='bootstrapProperties-cinema-auth.yml,DEFAULT_GROUP'}, BootstrapPropertySource {name='bootstrapProperties-cinema-auth,DEFAULT_GROUP'}, BootstrapPropertySource {name='bootstrapProperties-application-dev.yml,DEFAULT_GROUP'}]
2022-05-05 10:51:17,542 [main] INFO  [org.reflections.Reflections] Reflections.java:232 - Reflections took 26 ms to scan 1 urls, producing 3 keys and 6 values 
2022-05-05 10:51:17,568 [main] INFO  [org.reflections.Reflections] Reflections.java:232 - Reflections took 11 ms to scan 1 urls, producing 4 keys and 9 values 
2022-05-05 10:51:17,581 [main] INFO  [org.reflections.Reflections] Reflections.java:232 - Reflections took 11 ms to scan 1 urls, producing 3 keys and 10 values 
2022-05-05 10:51:17,741 [main] INFO  [org.reflections.Reflections] Reflections.java:232 - Reflections took 156 ms to scan 255 urls, producing 0 keys and 0 values 
2022-05-05 10:51:17,751 [main] INFO  [org.reflections.Reflections] Reflections.java:232 - Reflections took 10 ms to scan 1 urls, producing 1 keys and 5 values 
2022-05-05 10:51:17,762 [main] INFO  [org.reflections.Reflections] Reflections.java:232 - Reflections took 8 ms to scan 1 urls, producing 1 keys and 7 values 
2022-05-05 10:51:17,772 [main] INFO  [org.reflections.Reflections] Reflections.java:232 - Reflections took 8 ms to scan 1 urls, producing 2 keys and 8 values 
2022-05-05 10:51:17,912 [main] INFO  [org.reflections.Reflections] Reflections.java:232 - Reflections took 137 ms to scan 255 urls, producing 0 keys and 0 values 
2022-05-05 10:51:19,504 [main] WARN  [c.a.cloud.nacos.client.NacosPropertySourceBuilder] NacosPropertySourceBuilder.java:87 - Ignore the empty nacos configuration and get it based on dataId[cinema-upms-biz] & group[DEFAULT_GROUP]
2022-05-05 10:51:19,509 [main] WARN  [c.a.cloud.nacos.client.NacosPropertySourceBuilder] NacosPropertySourceBuilder.java:87 - Ignore the empty nacos configuration and get it based on dataId[cinema-upms-biz.yml] & group[DEFAULT_GROUP]
2022-05-05 10:51:19,519 [main] INFO  [o.s.c.b.c.PropertySourceBootstrapConfiguration] PropertySourceBootstrapConfiguration.java:109 - Located property source: [BootstrapPropertySource {name='bootstrapProperties-cinema-upms-biz-dev.yml,DEFAULT_GROUP'}, BootstrapPropertySource {name='bootstrapProperties-cinema-upms-biz.yml,DEFAULT_GROUP'}, BootstrapPropertySource {name='bootstrapProperties-cinema-upms-biz,DEFAULT_GROUP'}, BootstrapPropertySource {name='bootstrapProperties-application-dev.yml,DEFAULT_GROUP'}]
2022-05-05 11:24:50,399 [SpringApplicationShutdownHook] ERROR [com.alibaba.cloud.nacos.discovery.NacosWatch] NacosWatch.java:170 - namingService unsubscribe failed, properties:NacosDiscoveryProperties{serverAddr='cinema-register:8848', endpoint='', namespace='', watchDelay=30000, logName='', service='cinema-gateway', weight=1.0, clusterName='DEFAULT', group='DEFAULT_GROUP', namingLoadCacheAtStart='false', metadata={preserved.register.source=SPRING_CLOUD}, registerEnabled=true, ip='192.168.3.50', networkInterface='', port=9999, secure=false, accessKey='', secretKey='', heartBeatInterval=null, heartBeatTimeout=null, ipDeleteTimeout=null}
com.alibaba.nacos.api.exception.NacosException: Request nacos server failed: 
	at com.alibaba.nacos.client.naming.remote.gprc.NamingGrpcClientProxy.requestToServer(NamingGrpcClientProxy.java:279)
	at com.alibaba.nacos.client.naming.remote.gprc.NamingGrpcClientProxy.doUnsubscribe(NamingGrpcClientProxy.java:249)
	at com.alibaba.nacos.client.naming.remote.gprc.NamingGrpcClientProxy.unsubscribe(NamingGrpcClientProxy.java:235)
	at com.alibaba.nacos.client.naming.remote.NamingClientProxyDelegate.unsubscribe(NamingClientProxyDelegate.java:156)
	at com.alibaba.nacos.client.naming.NacosNamingService.unsubscribe(NacosNamingService.java:417)
	at com.alibaba.cloud.nacos.discovery.NacosWatch.stop(NacosWatch.java:166)
	at com.alibaba.cloud.nacos.discovery.NacosWatch.stop(NacosWatch.java:97)
	at org.springframework.context.support.DefaultLifecycleProcessor.doStop(DefaultLifecycleProcessor.java:234)
	at org.springframework.context.support.DefaultLifecycleProcessor.access$300(DefaultLifecycleProcessor.java:54)
	at org.springframework.context.support.DefaultLifecycleProcessor$LifecycleGroup.stop(DefaultLifecycleProcessor.java:373)
	at org.springframework.context.support.DefaultLifecycleProcessor.stopBeans(DefaultLifecycleProcessor.java:206)
	at org.springframework.context.support.DefaultLifecycleProcessor.onClose(DefaultLifecycleProcessor.java:129)
	at org.springframework.context.support.AbstractApplicationContext.doClose(AbstractApplicationContext.java:1067)
	at org.springframework.boot.web.reactive.context.ReactiveWebServerApplicationContext.doClose(ReactiveWebServerApplicationContext.java:147)
	at org.springframework.context.support.AbstractApplicationContext.close(AbstractApplicationContext.java:1021)
	at org.springframework.boot.SpringApplicationShutdownHook.closeAndWait(SpringApplicationShutdownHook.java:137)
	at java.lang.Iterable.forEach(Iterable.java:75)
	at org.springframework.boot.SpringApplicationShutdownHook.run(SpringApplicationShutdownHook.java:106)
	at java.lang.Thread.run(Thread.java:748)
Caused by: com.alibaba.nacos.api.exception.NacosException: Client not connected,current status:UNHEALTHY
	at com.alibaba.nacos.common.remote.client.RpcClient.request(RpcClient.java:655)
	at com.alibaba.nacos.common.remote.client.RpcClient.request(RpcClient.java:635)
	at com.alibaba.nacos.client.naming.remote.gprc.NamingGrpcClientProxy.requestToServer(NamingGrpcClientProxy.java:269)
	... 18 common frames omitted
2022-05-05 11:24:50,402 [SpringApplicationShutdownHook] INFO  [c.a.cloud.nacos.registry.NacosServiceRegistry] NacosServiceRegistry.java:90 - De-registering from Nacos Server now...
2022-05-05 11:24:50,703 [SpringApplicationShutdownHook] ERROR [c.a.cloud.nacos.registry.NacosServiceRegistry] NacosServiceRegistry.java:106 - ERR_NACOS_DEREGISTER, de-register failed...NacosRegistration{nacosDiscoveryProperties=NacosDiscoveryProperties{serverAddr='cinema-register:8848', endpoint='', namespace='', watchDelay=30000, logName='', service='cinema-gateway', weight=1.0, clusterName='DEFAULT', group='DEFAULT_GROUP', namingLoadCacheAtStart='false', metadata={preserved.register.source=SPRING_CLOUD}, registerEnabled=true, ip='192.168.3.50', networkInterface='', port=9999, secure=false, accessKey='', secretKey='', heartBeatInterval=null, heartBeatTimeout=null, ipDeleteTimeout=null}},
com.alibaba.nacos.api.exception.NacosException: Request nacos server failed: 
	at com.alibaba.nacos.client.naming.remote.gprc.NamingGrpcClientProxy.requestToServer(NamingGrpcClientProxy.java:279)
	at com.alibaba.nacos.client.naming.remote.gprc.NamingGrpcClientProxy.doDeregisterService(NamingGrpcClientProxy.java:153)
	at com.alibaba.nacos.client.naming.remote.gprc.NamingGrpcClientProxy.deregisterService(NamingGrpcClientProxy.java:139)
	at com.alibaba.nacos.client.naming.remote.NamingClientProxyDelegate.deregisterService(NamingClientProxyDelegate.java:100)
	at com.alibaba.nacos.client.naming.NacosNamingService.deregisterInstance(NacosNamingService.java:180)
	at com.alibaba.nacos.client.naming.NacosNamingService.deregisterInstance(NacosNamingService.java:170)
	at com.alibaba.cloud.nacos.registry.NacosServiceRegistry.deregister(NacosServiceRegistry.java:102)
	at org.springframework.cloud.client.serviceregistry.AbstractAutoServiceRegistration.deregister(AbstractAutoServiceRegistration.java:249)
	at org.springframework.cloud.client.serviceregistry.AbstractAutoServiceRegistration.stop(AbstractAutoServiceRegistration.java:264)
	at org.springframework.cloud.client.serviceregistry.AbstractAutoServiceRegistration.destroy(AbstractAutoServiceRegistration.java:201)
	at sun.reflect.NativeMethodAccessorImpl.invoke0(Native Method)
	at sun.reflect.NativeMethodAccessorImpl.invoke(NativeMethodAccessorImpl.java:62)
	at sun.reflect.DelegatingMethodAccessorImpl.invoke(DelegatingMethodAccessorImpl.java:43)
	at java.lang.reflect.Method.invoke(Method.java:498)
	at org.springframework.beans.factory.annotation.InitDestroyAnnotationBeanPostProcessor$LifecycleElement.invoke(InitDestroyAnnotationBeanPostProcessor.java:389)
	at org.springframework.beans.factory.annotation.InitDestroyAnnotationBeanPostProcessor$LifecycleMetadata.invokeDestroyMethods(InitDestroyAnnotationBeanPostProcessor.java:347)
	at org.springframework.beans.factory.annotation.InitDestroyAnnotationBeanPostProcessor.postProcessBeforeDestruction(InitDestroyAnnotationBeanPostProcessor.java:177)
	at org.springframework.beans.factory.support.DisposableBeanAdapter.destroy(DisposableBeanAdapter.java:196)
	at org.springframework.beans.factory.support.DefaultSingletonBeanRegistry.destroyBean(DefaultSingletonBeanRegistry.java:587)
	at org.springframework.beans.factory.support.DefaultSingletonBeanRegistry.destroySingleton(DefaultSingletonBeanRegistry.java:559)
	at org.springframework.beans.factory.support.DefaultListableBeanFactory.destroySingleton(DefaultListableBeanFactory.java:1161)
	at org.springframework.beans.factory.support.DefaultSingletonBeanRegistry.destroySingletons(DefaultSingletonBeanRegistry.java:520)
	at org.springframework.beans.factory.support.DefaultListableBeanFactory.destroySingletons(DefaultListableBeanFactory.java:1154)
	at org.springframework.context.support.AbstractApplicationContext.destroyBeans(AbstractApplicationContext.java:1106)
	at org.springframework.context.support.AbstractApplicationContext.doClose(AbstractApplicationContext.java:1075)
	at org.springframework.boot.web.reactive.context.ReactiveWebServerApplicationContext.doClose(ReactiveWebServerApplicationContext.java:147)
	at org.springframework.context.support.AbstractApplicationContext.close(AbstractApplicationContext.java:1021)
	at org.springframework.boot.SpringApplicationShutdownHook.closeAndWait(SpringApplicationShutdownHook.java:137)
	at java.lang.Iterable.forEach(Iterable.java:75)
	at org.springframework.boot.SpringApplicationShutdownHook.run(SpringApplicationShutdownHook.java:106)
	at java.lang.Thread.run(Thread.java:748)
Caused by: com.alibaba.nacos.api.exception.NacosException: Client not connected,current status:UNHEALTHY
	at com.alibaba.nacos.common.remote.client.RpcClient.request(RpcClient.java:655)
	at com.alibaba.nacos.common.remote.client.RpcClient.request(RpcClient.java:635)
	at com.alibaba.nacos.client.naming.remote.gprc.NamingGrpcClientProxy.requestToServer(NamingGrpcClientProxy.java:269)
	... 30 common frames omitted
2022-05-05 11:24:50,703 [SpringApplicationShutdownHook] INFO  [c.a.cloud.nacos.registry.NacosServiceRegistry] NacosServiceRegistry.java:110 - De-registration finished.
2022-05-05 11:24:51,040 [SpringApplicationShutdownHook] WARN  [o.s.beans.factory.support.DisposableBeanAdapter] DisposableBeanAdapter.java:328 - Custom destroy method 'close' on bean with name 'nacosServiceRegistry' threw an exception: java.lang.NullPointerException
